<?xml version="1.0" encoding="UTF-8"?>
<!-- Generated by org.testng.reporters.JUnitReportReporter -->
<testsuite hostname="Masum" failures="0" tests="1" name="com.myStudent.testCases.TC_LoginTest" time="0.794" errors="0" timestamp="2023-06-12T19:22:53 IST" skipped="0">
  <testcase classname="com.myStudent.testCases.TC_LoginTest" name="loginTest" time="0.794"/>
  <system-out/>
</testsuite> <!-- com.myStudent.testCases.TC_LoginTest -->
