<?xml version="1.0" encoding="UTF-8"?>
<!-- Generated by org.testng.reporters.JUnitReportReporter -->
<testsuite skipped="0" hostname="Think_Different" name="com.myStudent.testCases.TC_LoginTest" tests="1" failures="0" timestamp="2022-03-31T18:15:19 IST" time="2.258" errors="0">
  <testcase name="loginTest" time="2.258" classname="com.myStudent.testCases.TC_LoginTest"/>
  <system-out/>
</testsuite> <!-- com.myStudent.testCases.TC_LoginTest -->
